<?xml version="1.0" encoding="UTF-8"?>
<robot generator="Robot 7.3.1 (Python 3.12.2 on win32)" generated="2025-06-20T00:14:46.957999" rpa="false" schemaversion="5">
<suite id="s1" name="Test Employee CRUD" source="C:\QC\TestCases\Test_Employee_CRUD.robot">
<test id="s1-t1" name="Test Add And Delete Employee" line="7">
<kw name="Login To System" owner="LoginPage">
<kw name="Open Browser" owner="SeleniumLibrary">
<msg time="2025-06-20T00:14:47.597102" level="INFO">Opening browser 'chrome' to base url 'https://opensource-demo.orangehrmlive.com/'.</msg>
<arg>${BASE_URL}</arg>
<arg>chrome</arg>
<doc>Opens a new browser instance to the optional ``url``.</doc>
<status status="PASS" start="2025-06-20T00:14:47.597102" elapsed="4.976482"/>
</kw>
<kw name="Maximize Browser Window" owner="SeleniumLibrary">
<doc>Maximizes current browser window.</doc>
<status status="PASS" start="2025-06-20T00:14:52.573584" elapsed="0.051762"/>
</kw>
<kw name="Wait Until Element Is Visible" owner="SeleniumLibrary">
<arg>xpath=//input[@name="username"]</arg>
<arg>10s</arg>
<doc>Waits until the element ``locator`` is visible.</doc>
<status status="PASS" start="2025-06-20T00:14:52.626360" elapsed="0.511229"/>
</kw>
<kw name="Input Username" owner="LoginPage">
<kw name="Input Text" owner="SeleniumLibrary">
<msg time="2025-06-20T00:14:53.139094" level="INFO">Typing text 'Admin' into text field 'xpath=//input[@name="username"]'.</msg>
<arg>${USERNAME_INPUT}</arg>
<arg>${USERNAME}</arg>
<doc>Types the given ``text`` into the text field identified by ``locator``.</doc>
<status status="PASS" start="2025-06-20T00:14:53.137589" elapsed="0.131873"/>
</kw>
<status status="PASS" start="2025-06-20T00:14:53.137589" elapsed="0.131873"/>
</kw>
<kw name="Input Password" owner="LoginPage">
<kw name="Input Text" owner="SeleniumLibrary">
<msg time="2025-06-20T00:14:53.269978" level="INFO">Typing text 'admin123' into text field 'xpath=//input[@name="password"]'.</msg>
<arg>${PASSWORD_INPUT}</arg>
<arg>${PASSWORD}</arg>
<doc>Types the given ``text`` into the text field identified by ``locator``.</doc>
<status status="PASS" start="2025-06-20T00:14:53.269978" elapsed="0.176328"/>
</kw>
<status status="PASS" start="2025-06-20T00:14:53.269978" elapsed="0.176328"/>
</kw>
<kw name="Click Login" owner="LoginPage">
<kw name="Click Button" owner="SeleniumLibrary">
<msg time="2025-06-20T00:14:53.447603" level="INFO">Clicking button 'xpath=//button[@type="submit"]'.</msg>
<arg>${LOGIN_BUTTON}</arg>
<doc>Clicks the button identified by ``locator``.</doc>
<status status="PASS" start="2025-06-20T00:14:53.447603" elapsed="0.133931"/>
</kw>
<status status="PASS" start="2025-06-20T00:14:53.447603" elapsed="0.135175"/>
</kw>
<kw name="Wait Until Page Contains Element" owner="SeleniumLibrary">
<arg>xpath=//h6[text()='Dashboard']</arg>
<doc>Waits until the element ``locator`` appears on the current page.</doc>
<status status="PASS" start="2025-06-20T00:14:53.582778" elapsed="1.689515"/>
</kw>
<status status="PASS" start="2025-06-20T00:14:47.594994" elapsed="7.677299"/>
</kw>
<kw name="Go To Employee Page" owner="EmployeePage">
<kw name="Click Element" owner="SeleniumLibrary">
<msg time="2025-06-20T00:14:55.273317" level="INFO">Clicking element 'xpath=//span[text()='PIM']'.</msg>
<arg>${EMPLOYEE_MENU}</arg>
<doc>Click the element identified by ``locator``.</doc>
<status status="PASS" start="2025-06-20T00:14:55.273317" elapsed="1.267952"/>
</kw>
<kw name="Wait Until Page Contains Element" owner="SeleniumLibrary">
<arg>${ADD_EMPLOYEE_BUTTON}</arg>
<doc>Waits until the element ``locator`` appears on the current page.</doc>
<status status="PASS" start="2025-06-20T00:14:56.541269" elapsed="0.481028"/>
</kw>
<status status="PASS" start="2025-06-20T00:14:55.272293" elapsed="1.750004"/>
</kw>
<kw name="Add New Employee" owner="EmployeePage">
<kw name="Click Element" owner="SeleniumLibrary">
<msg time="2025-06-20T00:14:57.023356" level="INFO">Clicking element 'xpath=//a[text()='Add Employee']'.</msg>
<arg>${ADD_EMPLOYEE_BUTTON}</arg>
<doc>Click the element identified by ``locator``.</doc>
<status status="PASS" start="2025-06-20T00:14:57.023356" elapsed="0.639764"/>
</kw>
<kw name="Wait Until Element Is Visible" owner="SeleniumLibrary">
<arg>${FIRST_NAME_INPUT}</arg>
<arg>10s</arg>
<doc>Waits until the element ``locator`` is visible.</doc>
<status status="PASS" start="2025-06-20T00:14:57.664547" elapsed="0.506637"/>
</kw>
<kw name="Input Text" owner="SeleniumLibrary">
<msg time="2025-06-20T00:14:58.171184" level="INFO">Typing text 'John' into text field 'xpath=//input[@name='firstName']'.</msg>
<arg>${FIRST_NAME_INPUT}</arg>
<arg>John</arg>
<doc>Types the given ``text`` into the text field identified by ``locator``.</doc>
<status status="PASS" start="2025-06-20T00:14:58.171184" elapsed="0.115156"/>
</kw>
<kw name="Input Text" owner="SeleniumLibrary">
<msg time="2025-06-20T00:14:58.287345" level="INFO">Typing text 'Doe' into text field 'xpath=//input[@name='lastName']'.</msg>
<arg>${LAST_NAME_INPUT}</arg>
<arg>Doe</arg>
<doc>Types the given ``text`` into the text field identified by ``locator``.</doc>
<status status="PASS" start="2025-06-20T00:14:58.286340" elapsed="0.126731"/>
</kw>
<kw name="Click Button" owner="SeleniumLibrary">
<msg time="2025-06-20T00:14:58.414420" level="INFO">Clicking button 'xpath=//button[@type='submit']'.</msg>
<arg>${SAVE_BUTTON}</arg>
<doc>Clicks the button identified by ``locator``.</doc>
<status status="PASS" start="2025-06-20T00:14:58.414420" elapsed="0.153256"/>
</kw>
<kw name="Wait Until Page Contains" owner="SeleniumLibrary">
<arg>Personal Details</arg>
<doc>Waits until ``text`` appears on the current page.</doc>
<status status="PASS" start="2025-06-20T00:14:58.567676" elapsed="4.713671"/>
</kw>
<status status="PASS" start="2025-06-20T00:14:57.023356" elapsed="6.259219"/>
</kw>
<kw name="Go To Employee Page" owner="EmployeePage">
<kw name="Click Element" owner="SeleniumLibrary">
<msg time="2025-06-20T00:15:03.283584" level="INFO">Clicking element 'xpath=//span[text()='PIM']'.</msg>
<arg>${EMPLOYEE_MENU}</arg>
<doc>Click the element identified by ``locator``.</doc>
<status status="PASS" start="2025-06-20T00:15:03.283584" elapsed="1.050468"/>
</kw>
<kw name="Wait Until Page Contains Element" owner="SeleniumLibrary">
<arg>${ADD_EMPLOYEE_BUTTON}</arg>
<doc>Waits until the element ``locator`` appears on the current page.</doc>
<status status="PASS" start="2025-06-20T00:15:04.335062" elapsed="0.470730"/>
</kw>
<status status="PASS" start="2025-06-20T00:15:03.282575" elapsed="1.523217"/>
</kw>
<kw name="Search Employee" owner="EmployeePage">
<kw name="Input Text" owner="SeleniumLibrary">
<msg time="2025-06-20T00:15:04.808412" level="INFO">Typing text 'John' into text field 'xpath=(//input[@placeholder='Type for hints...'])[1]'.</msg>
<arg>${SEARCH_INPUT}</arg>
<arg>John</arg>
<doc>Types the given ``text`` into the text field identified by ``locator``.</doc>
<status status="PASS" start="2025-06-20T00:15:04.808412" elapsed="0.155255"/>
</kw>
<kw name="Click Button" owner="SeleniumLibrary">
<msg time="2025-06-20T00:15:04.964836" level="INFO">Clicking button 'xpath=//button[@type='submit']'.</msg>
<arg>${SEARCH_BUTTON}</arg>
<doc>Clicks the button identified by ``locator``.</doc>
<status status="PASS" start="2025-06-20T00:15:04.963667" elapsed="0.123731"/>
</kw>
<kw name="Sleep" owner="BuiltIn">
<msg time="2025-06-20T00:15:07.087959" level="INFO">Slept 2 seconds.</msg>
<arg>2s</arg>
<doc>Pauses the test executed for the given time.</doc>
<status status="PASS" start="2025-06-20T00:15:05.087398" elapsed="2.000561"/>
</kw>
<status status="PASS" start="2025-06-20T00:15:04.807409" elapsed="2.280550"/>
</kw>
<kw name="Delete Employee" owner="EmployeePage">
<kw name="Click Element" owner="SeleniumLibrary">
<msg time="2025-06-20T00:15:07.091029" level="INFO">Clicking element 'xpath=(//i[contains(@class,'trash')])[1]'.</msg>
<arg>${DELETE_BUTTON}</arg>
<doc>Click the element identified by ``locator``.</doc>
<status status="PASS" start="2025-06-20T00:15:07.091029" elapsed="0.126869"/>
</kw>
<kw name="Click Button" owner="SeleniumLibrary">
<msg time="2025-06-20T00:15:07.217898" level="INFO">Clicking button 'xpath=//button[text()='Yes, Delete']'.</msg>
<msg time="2025-06-20T00:15:07.516935" level="INFO" html="true">&lt;/td&gt;&lt;/tr&gt;&lt;tr&gt;&lt;td colspan="3"&gt;&lt;a href="selenium-screenshot-7.png"&gt;&lt;img src="selenium-screenshot-7.png" width="800px"&gt;&lt;/a&gt;</msg>
<msg time="2025-06-20T00:15:07.516935" level="FAIL">Button with locator 'xpath=//button[text()='Yes, Delete']' not found.</msg>
<arg>xpath=//button[text()='Yes, Delete']</arg>
<doc>Clicks the button identified by ``locator``.</doc>
<status status="FAIL" start="2025-06-20T00:15:07.217898" elapsed="0.307385">Button with locator 'xpath=//button[text()='Yes, Delete']' not found.</status>
</kw>
<kw name="Sleep" owner="BuiltIn">
<arg>2s</arg>
<doc>Pauses the test executed for the given time.</doc>
<status status="NOT RUN" start="2025-06-20T00:15:07.526315" elapsed="0.000000"/>
</kw>
<status status="FAIL" start="2025-06-20T00:15:07.090004" elapsed="0.436311">Button with locator 'xpath=//button[text()='Yes, Delete']' not found.</status>
</kw>
<kw name="Close Browser" owner="SeleniumLibrary">
<doc>Closes the current browser.</doc>
<status status="NOT RUN" start="2025-06-20T00:15:07.526315" elapsed="0.000000"/>
</kw>
<status status="FAIL" start="2025-06-20T00:14:47.593680" elapsed="19.933668">Button with locator 'xpath=//button[text()='Yes, Delete']' not found.</status>
</test>
<status status="FAIL" start="2025-06-20T00:14:46.961379" elapsed="20.567002"/>
</suite>
<statistics>
<total>
<stat pass="0" fail="1" skip="0">All Tests</stat>
</total>
<tag>
</tag>
<suite>
<stat name="Test Employee CRUD" id="s1" pass="0" fail="1" skip="0">Test Employee CRUD</stat>
</suite>
</statistics>
<errors>
</errors>
</robot>
